<?xml version="1.0" encoding="UTF-8"?>
<!-- Generated by org.testng.reporters.JUnitXMLReporter -->
<testsuite hostname="LAPTOP-FBFACADN" ignored="0" name="Test" tests="6" failures="3" timestamp="2021-01-30T11:11:11 IST" time="18.449" errors="0">
  <testcase name="getBookingIds" time="4.648" classname="Testcases.TC001_GetBookingIds"/>
  <testcase name="getBooking" time="7.437" classname="Testcases.TC002_GetBooking"/>
  <testcase name="Createbooking" time="1.878" classname="Testcases.TC003_1Create_Booking"/>
  <testcase name="PartialUpdatebooking" time="1.418" classname="Testcases.TC004_PartialUpdateBooking">
    <failure type="java.lang.NullPointerException">
      <![CDATA[java.lang.NullPointerException
at Testcases.TC_basetest.getAuthTokenIds(TC_basetest.java:40)
at Testcases.TC004_PartialUpdateBooking.PartialUpdatebooking(TC004_PartialUpdateBooking.java:14)
at java.util.ArrayList.forEach(Unknown Source)
... Removed 27 stack frames]]>
    </failure>
  </testcase> <!-- PartialUpdatebooking -->
  <testcase name="Updatebooking" time="1.626" classname="Testcases.TC005_UpdateBooking">
    <failure type="java.lang.NullPointerException">
      <![CDATA[java.lang.NullPointerException
at Testcases.TC_basetest.getAuthTokenIds(TC_basetest.java:40)
at Testcases.TC005_UpdateBooking.Updatebooking(TC005_UpdateBooking.java:12)
at java.util.ArrayList.forEach(Unknown Source)
... Removed 27 stack frames]]>
    </failure>
  </testcase> <!-- Updatebooking -->
  <testcase name="Deletebooking" time="1.347" classname="Testcases.TC006_DeleteBooking">
    <failure type="java.lang.NullPointerException">
      <![CDATA[java.lang.NullPointerException
at Testcases.TC_basetest.getAuthTokenIds(TC_basetest.java:40)
at Testcases.TC006_DeleteBooking.Deletebooking(TC006_DeleteBooking.java:8)
at java.util.ArrayList.forEach(Unknown Source)
... Removed 27 stack frames]]>
    </failure>
  </testcase> <!-- Deletebooking -->
</testsuite> <!-- Test -->
