<?xml version="1.0" encoding="UTF-8"?>
<!-- Generated by org.testng.reporters.JUnitXMLReporter -->
<testsuite hostname="LAPTOP-FBFACADN" ignored="0" name="Regression Test" tests="6" failures="0" timestamp="2021-01-30T20:32:00 IST" time="17.056" errors="0">
  <testcase name="getBookingIds" time="1.741" classname="Testcases.TC001_GetBookingIds"/>
  <testcase name="getBooking" time="1.266" classname="Testcases.TC002_GetBooking"/>
  <testcase name="New_booking" time="1.458" classname="Testcases.TC003_1Create_Booking"/>
  <testcase name="PartialUpdatebooking" time="2.488" classname="Testcases.TC004_PartialUpdateBooking"/>
  <testcase name="Updatebooking" time="2.498" classname="Testcases.TC005_UpdateBooking"/>
  <testcase name="Deletebooking" time="3.769" classname="Testcases.TC006_DeleteBooking"/>
</testsuite> <!-- Regression Test -->
